{"/home/nicolassalazar/Documents/2025-2/Spottly-Backend/src/app.ts": {"path":"/home/nicolassalazar/Documents/2025-2/Spottly-Backend/src/app.ts","statementMap":{"0":{"start":{"line":1,"column":0},"end":{"line":1,"column":53}},"1":{"start":{"line":2,"column":0},"end":{"line":2,"column":28}},"2":{"start":{"line":3,"column":0},"end":{"line":3,"column":28}},"3":{"start":{"line":4,"column":0},"end":{"line":4,"column":39}},"4":{"start":{"line":5,"column":0},"end":{"line":5,"column":47}},"5":{"start":{"line":7,"column":0},"end":{"line":7,"column":16}},"6":{"start":{"line":9,"column":12},"end":{"line":9,"column":21}},"7":{"start":{"line":10,"column":0},"end":{"line":12,"column":1}},"8":{"start":{"line":11,"column":2},"end":{"line":11,"column":18}},"9":{"start":{"line":14,"column":0},"end":{"line":14,"column":18}},"10":{"start":{"line":15,"column":0},"end":{"line":15,"column":24}},"11":{"start":{"line":16,"column":0},"end":{"line":16,"column":48}},"12":{"start":{"line":17,"column":0},"end":{"line":17,"column":34}},"13":{"start":{"line":18,"column":0},"end":{"line":18,"column":43}},"14":{"start":{"line":19,"column":0},"end":{"line":21,"column":3}},"15":{"start":{"line":20,"column":2},"end":{"line":20,"column":40}},"16":{"start":{"line":23,"column":0},"end":{"line":23,"column":19}}},"fnMap":{"0":{"name":"(anonymous_1)","decl":{"start":{"line":19,"column":13},"end":{"line":19,"column":14}},"loc":{"start":{"line":19,"column":46},"end":{"line":21,"column":1}}}},"branchMap":{"0":{"loc":{"start":{"line":10,"column":0},"end":{"line":12,"column":1}},"type":"if","locations":[{"start":{"line":10,"column":0},"end":{"line":12,"column":1}},{"start":{},"end":{}}]}},"s":{"0":5,"1":5,"2":5,"3":5,"4":5,"5":5,"6":5,"7":5,"8":0,"9":5,"10":5,"11":5,"12":5,"13":5,"14":5,"15":0,"16":5},"f":{"0":0},"b":{"0":[0,5]}}
,"/home/nicolassalazar/Documents/2025-2/Spottly-Backend/src/config/database.ts": {"path":"/home/nicolassalazar/Documents/2025-2/Spottly-Backend/src/config/database.ts","statementMap":{"0":{"start":{"line":1,"column":0},"end":{"line":1,"column":53}},"1":{"start":{"line":2,"column":0},"end":{"line":2,"column":23}},"2":{"start":{"line":4,"column":21},"end":{"line":4,"column":55}},"3":{"start":{"line":5,"column":34},"end":{"line":6,"column":38}},"4":{"start":{"line":8,"column":13},"end":{"line":8,"column":78}}},"fnMap":{},"branchMap":{},"s":{"0":15,"1":15,"2":15,"3":15,"4":15},"f":{},"b":{}}
,"/home/nicolassalazar/Documents/2025-2/Spottly-Backend/src/controller/business.ts": {"path":"/home/nicolassalazar/Documents/2025-2/Spottly-Backend/src/controller/business.ts","statementMap":{"0":{"start":{"line":10,"column":0},"end":{"line":10,"column":7}},"1":{"start":{"line":124,"column":0},"end":{"line":124,"column":7}},"2":{"start":{"line":1,"column":0},"end":{"line":1,"column":28}},"3":{"start":{"line":2,"column":0},"end":{"line":2,"column":49}},"4":{"start":{"line":3,"column":0},"end":{"line":3,"column":null}},"5":{"start":{"line":11,"column":2},"end":{"line":121,"column":3}},"6":{"start":{"line":21,"column":8},"end":{"line":21,"column":16}},"7":{"start":{"line":23,"column":4},"end":{"line":28,"column":5}},"8":{"start":{"line":24,"column":6},"end":{"line":27,"column":9}},"9":{"start":{"line":30,"column":23},"end":{"line":30,"column":51}},"10":{"start":{"line":31,"column":4},"end":{"line":33,"column":5}},"11":{"start":{"line":32,"column":6},"end":{"line":32,"column":63}},"12":{"start":{"line":35,"column":4},"end":{"line":37,"column":5}},"13":{"start":{"line":36,"column":6},"end":{"line":36,"column":64}},"14":{"start":{"line":39,"column":4},"end":{"line":41,"column":5}},"15":{"start":{"line":40,"column":6},"end":{"line":40,"column":67}},"16":{"start":{"line":43,"column":4},"end":{"line":48,"column":5}},"17":{"start":{"line":47,"column":6},"end":{"line":47,"column":75}},"18":{"start":{"line":51,"column":6},"end":{"line":55,"column":16}},"19":{"start":{"line":57,"column":4},"end":{"line":61,"column":5}},"20":{"start":{"line":58,"column":6},"end":{"line":60,"column":75}},"21":{"start":{"line":63,"column":30},"end":{"line":68,"column":6}},"22":{"start":{"line":70,"column":32},"end":{"line":71,"column":null}},"23":{"start":{"line":71,"column":6},"end":{"line":71,"column":31}},"24":{"start":{"line":73,"column":4},"end":{"line":77,"column":5}},"25":{"start":{"line":74,"column":6},"end":{"line":76,"column":9}},"26":{"start":{"line":79,"column":4},"end":{"line":83,"column":5}},"27":{"start":{"line":80,"column":6},"end":{"line":82,"column":9}},"28":{"start":{"line":84,"column":26},"end":{"line":84,"column":57}},"29":{"start":{"line":85,"column":29},"end":{"line":85,"column":71}},"30":{"start":{"line":86,"column":4},"end":{"line":90,"column":5}},"31":{"start":{"line":87,"column":6},"end":{"line":89,"column":76}},"32":{"start":{"line":92,"column":20},"end":{"line":100,"column":null}},"33":{"start":{"line":102,"column":21},"end":{"line":112,"column":12}},"34":{"start":{"line":113,"column":4},"end":{"line":113,"column":42}},"35":{"start":{"line":115,"column":4},"end":{"line":118,"column":5}},"36":{"start":{"line":116,"column":6},"end":{"line":116,"column":35}},"37":{"start":{"line":117,"column":6},"end":{"line":117,"column":60}},"38":{"start":{"line":119,"column":4},"end":{"line":119,"column":25}},"39":{"start":{"line":120,"column":4},"end":{"line":120,"column":72}},"40":{"start":{"line":125,"column":2},"end":{"line":159,"column":3}},"41":{"start":{"line":126,"column":32},"end":{"line":126,"column":40}},"42":{"start":{"line":128,"column":4},"end":{"line":129,"column":77}},"43":{"start":{"line":129,"column":6},"end":{"line":129,"column":77}},"44":{"start":{"line":131,"column":21},"end":{"line":131,"column":52}},"45":{"start":{"line":132,"column":4},"end":{"line":132,"column":80}},"46":{"start":{"line":132,"column":19},"end":{"line":132,"column":80}},"47":{"start":{"line":134,"column":26},"end":{"line":134,"column":75}},"48":{"start":{"line":135,"column":4},"end":{"line":136,"column":67}},"49":{"start":{"line":136,"column":6},"end":{"line":136,"column":67}},"50":{"start":{"line":137,"column":18},"end":{"line":141,"column":6}},"51":{"start":{"line":143,"column":4},"end":{"line":156,"column":7}},"52":{"start":{"line":158,"column":4},"end":{"line":158,"column":59}}},"fnMap":{"0":{"name":"registerBusiness","decl":{"start":{"line":10,"column":22},"end":{"line":10,"column":38}},"loc":{"start":{"line":10,"column":66},"end":{"line":122,"column":1}}},"1":{"name":"(anonymous_2)","decl":{"start":{"line":70,"column":55},"end":{"line":70,"column":56}},"loc":{"start":{"line":71,"column":6},"end":{"line":71,"column":31}}},"2":{"name":"loginBusiness","decl":{"start":{"line":124,"column":22},"end":{"line":124,"column":35}},"loc":{"start":{"line":124,"column":63},"end":{"line":160,"column":1}}}},"branchMap":{"0":{"loc":{"start":{"line":23,"column":4},"end":{"line":28,"column":5}},"type":"if","locations":[{"start":{"line":23,"column":4},"end":{"line":28,"column":5}},{"start":{},"end":{}}]},"1":{"loc":{"start":{"line":23,"column":8},"end":{"line":23,"column":67}},"type":"binary-expr","locations":[{"start":{"line":23,"column":8},"end":{"line":23,"column":14}},{"start":{"line":23,"column":18},"end":{"line":23,"column":23}},{"start":{"line":23,"column":27},"end":{"line":23,"column":41}},{"start":{"line":23,"column":45},"end":{"line":23,"column":54}},{"start":{"line":23,"column":58},"end":{"line":23,"column":67}}]},"2":{"loc":{"start":{"line":31,"column":4},"end":{"line":33,"column":5}},"type":"if","locations":[{"start":{"line":31,"column":4},"end":{"line":33,"column":5}},{"start":{},"end":{}}]},"3":{"loc":{"start":{"line":31,"column":8},"end":{"line":31,"column":60}},"type":"binary-expr","locations":[{"start":{"line":31,"column":8},"end":{"line":31,"column":33}},{"start":{"line":31,"column":37},"end":{"line":31,"column":60}}]},"4":{"loc":{"start":{"line":35,"column":4},"end":{"line":37,"column":5}},"type":"if","locations":[{"start":{"line":35,"column":4},"end":{"line":37,"column":5}},{"start":{},"end":{}}]},"5":{"loc":{"start":{"line":35,"column":8},"end":{"line":35,"column":60}},"type":"binary-expr","locations":[{"start":{"line":35,"column":8},"end":{"line":35,"column":32}},{"start":{"line":35,"column":36},"end":{"line":35,"column":60}}]},"6":{"loc":{"start":{"line":39,"column":4},"end":{"line":41,"column":5}},"type":"if","locations":[{"start":{"line":39,"column":4},"end":{"line":41,"column":5}},{"start":{},"end":{}}]},"7":{"loc":{"start":{"line":39,"column":8},"end":{"line":39,"column":68}},"type":"binary-expr","locations":[{"start":{"line":39,"column":8},"end":{"line":39,"column":36}},{"start":{"line":39,"column":40},"end":{"line":39,"column":68}}]},"8":{"loc":{"start":{"line":43,"column":4},"end":{"line":48,"column":5}},"type":"if","locations":[{"start":{"line":43,"column":4},"end":{"line":48,"column":5}},{"start":{},"end":{}}]},"9":{"loc":{"start":{"line":44,"column":6},"end":{"line":45,"column":39}},"type":"binary-expr","locations":[{"start":{"line":44,"column":6},"end":{"line":44,"column":39}},{"start":{"line":45,"column":6},"end":{"line":45,"column":39}}]},"10":{"loc":{"start":{"line":51,"column":6},"end":{"line":55,"column":16}},"type":"cond-expr","locations":[{"start":{"line":52,"column":10},"end":{"line":52,"column":18}},{"start":{"line":53,"column":10},"end":{"line":55,"column":16}}]},"11":{"loc":{"start":{"line":53,"column":10},"end":{"line":55,"column":16}},"type":"cond-expr","locations":[{"start":{"line":54,"column":12},"end":{"line":54,"column":28}},{"start":{"line":55,"column":12},"end":{"line":55,"column":16}}]},"12":{"loc":{"start":{"line":57,"column":4},"end":{"line":61,"column":5}},"type":"if","locations":[{"start":{"line":57,"column":4},"end":{"line":61,"column":5}},{"start":{},"end":{}}]},"13":{"loc":{"start":{"line":57,"column":8},"end":{"line":57,"column":46}},"type":"binary-expr","locations":[{"start":{"line":57,"column":8},"end":{"line":57,"column":20}},{"start":{"line":57,"column":24},"end":{"line":57,"column":46}}]},"14":{"loc":{"start":{"line":73,"column":4},"end":{"line":77,"column":5}},"type":"if","locations":[{"start":{"line":73,"column":4},"end":{"line":77,"column":5}},{"start":{},"end":{}}]},"15":{"loc":{"start":{"line":79,"column":4},"end":{"line":83,"column":5}},"type":"if","locations":[{"start":{"line":79,"column":4},"end":{"line":83,"column":5}},{"start":{},"end":{}}]},"16":{"loc":{"start":{"line":86,"column":4},"end":{"line":90,"column":5}},"type":"if","locations":[{"start":{"line":86,"column":4},"end":{"line":90,"column":5}},{"start":{},"end":{}}]},"17":{"loc":{"start":{"line":86,"column":8},"end":{"line":86,"column":41}},"type":"binary-expr","locations":[{"start":{"line":86,"column":8},"end":{"line":86,"column":21}},{"start":{"line":86,"column":25},"end":{"line":86,"column":41}}]},"18":{"loc":{"start":{"line":102,"column":21},"end":{"line":112,"column":12}},"type":"cond-expr","locations":[{"start":{"line":103,"column":8},"end":{"line":111,"column":null}},{"start":{"line":112,"column":8},"end":{"line":112,"column":12}}]},"19":{"loc":{"start":{"line":115,"column":4},"end":{"line":118,"column":5}},"type":"if","locations":[{"start":{"line":115,"column":4},"end":{"line":118,"column":5}},{"start":{},"end":{}}]},"20":{"loc":{"start":{"line":128,"column":4},"end":{"line":129,"column":77}},"type":"if","locations":[{"start":{"line":128,"column":4},"end":{"line":129,"column":77}},{"start":{},"end":{}}]},"21":{"loc":{"start":{"line":128,"column":8},"end":{"line":128,"column":27}},"type":"binary-expr","locations":[{"start":{"line":128,"column":8},"end":{"line":128,"column":14}},{"start":{"line":128,"column":18},"end":{"line":128,"column":27}}]},"22":{"loc":{"start":{"line":132,"column":4},"end":{"line":132,"column":80}},"type":"if","locations":[{"start":{"line":132,"column":4},"end":{"line":132,"column":80}},{"start":{},"end":{}}]},"23":{"loc":{"start":{"line":135,"column":4},"end":{"line":136,"column":67}},"type":"if","locations":[{"start":{"line":135,"column":4},"end":{"line":136,"column":67}},{"start":{},"end":{}}]}},"s":{"0":7,"1":7,"2":7,"3":7,"4":7,"5":14,"6":14,"7":14,"8":2,"9":12,"10":12,"11":2,"12":10,"13":0,"14":10,"15":0,"16":10,"17":0,"18":10,"19":10,"20":2,"21":8,"22":8,"23":32,"24":8,"25":0,"26":8,"27":2,"28":6,"29":4,"30":4,"31":2,"32":2,"33":2,"34":2,"35":2,"36":2,"37":2,"38":0,"39":0,"40":7,"41":7,"42":7,"43":1,"44":6,"45":5,"46":1,"47":4,"48":4,"49":2,"50":2,"51":2,"52":1},"f":{"0":14,"1":32,"2":7},"b":{"0":[2,12],"1":[14,14,12,12,12],"2":[2,10],"3":[12,12],"4":[0,10],"5":[10,10],"6":[0,10],"7":[10,10],"8":[0,10],"9":[10,10],"10":[10,0],"11":[0,0],"12":[2,8],"13":[10,10],"14":[0,8],"15":[2,6],"16":[2,2],"17":[4,2],"18":[2,0],"19":[2,0],"20":[1,6],"21":[7,7],"22":[1,4],"23":[2,2]}}
,"/home/nicolassalazar/Documents/2025-2/Spottly-Backend/src/controller/user.ts": {"path":"/home/nicolassalazar/Documents/2025-2/Spottly-Backend/src/controller/user.ts","statementMap":{"0":{"start":{"line":11,"column":0},"end":{"line":11,"column":7}},"1":{"start":{"line":100,"column":0},"end":{"line":100,"column":7}},"2":{"start":{"line":136,"column":0},"end":{"line":136,"column":7}},"3":{"start":{"line":1,"column":0},"end":{"line":1,"column":28}},"4":{"start":{"line":2,"column":0},"end":{"line":2,"column":null}},"5":{"start":{"line":8,"column":0},"end":{"line":8,"column":49}},"6":{"start":{"line":12,"column":2},"end":{"line":97,"column":3}},"7":{"start":{"line":13,"column":62},"end":{"line":13,"column":70}},"8":{"start":{"line":15,"column":4},"end":{"line":19,"column":5}},"9":{"start":{"line":16,"column":6},"end":{"line":18,"column":9}},"10":{"start":{"line":21,"column":23},"end":{"line":21,"column":51}},"11":{"start":{"line":22,"column":4},"end":{"line":24,"column":5}},"12":{"start":{"line":23,"column":6},"end":{"line":23,"column":63}},"13":{"start":{"line":26,"column":4},"end":{"line":28,"column":5}},"14":{"start":{"line":27,"column":6},"end":{"line":27,"column":64}},"15":{"start":{"line":30,"column":19},"end":{"line":30,"column":30}},"16":{"start":{"line":31,"column":4},"end":{"line":33,"column":5}},"17":{"start":{"line":32,"column":6},"end":{"line":32,"column":62}},"18":{"start":{"line":36,"column":6},"end":{"line":40,"column":16}},"19":{"start":{"line":42,"column":4},"end":{"line":46,"column":5}},"20":{"start":{"line":43,"column":6},"end":{"line":45,"column":75}},"21":{"start":{"line":48,"column":30},"end":{"line":53,"column":6}},"22":{"start":{"line":55,"column":32},"end":{"line":56,"column":null}},"23":{"start":{"line":56,"column":6},"end":{"line":56,"column":31}},"24":{"start":{"line":58,"column":4},"end":{"line":62,"column":5}},"25":{"start":{"line":59,"column":6},"end":{"line":61,"column":9}},"26":{"start":{"line":64,"column":4},"end":{"line":68,"column":5}},"27":{"start":{"line":65,"column":6},"end":{"line":67,"column":9}},"28":{"start":{"line":69,"column":26},"end":{"line":69,"column":53}},"29":{"start":{"line":70,"column":29},"end":{"line":70,"column":62}},"30":{"start":{"line":71,"column":4},"end":{"line":75,"column":5}},"31":{"start":{"line":72,"column":6},"end":{"line":74,"column":76}},"32":{"start":{"line":77,"column":20},"end":{"line":83,"column":null}},"33":{"start":{"line":85,"column":21},"end":{"line":93,"column":12}},"34":{"start":{"line":94,"column":4},"end":{"line":94,"column":42}},"35":{"start":{"line":96,"column":4},"end":{"line":96,"column":59}},"36":{"start":{"line":101,"column":2},"end":{"line":133,"column":3}},"37":{"start":{"line":102,"column":32},"end":{"line":102,"column":40}},"38":{"start":{"line":104,"column":4},"end":{"line":105,"column":77}},"39":{"start":{"line":105,"column":6},"end":{"line":105,"column":77}},"40":{"start":{"line":107,"column":17},"end":{"line":107,"column":44}},"41":{"start":{"line":108,"column":4},"end":{"line":108,"column":72}},"42":{"start":{"line":108,"column":15},"end":{"line":108,"column":72}},"43":{"start":{"line":110,"column":26},"end":{"line":110,"column":71}},"44":{"start":{"line":111,"column":4},"end":{"line":112,"column":67}},"45":{"start":{"line":112,"column":6},"end":{"line":112,"column":67}},"46":{"start":{"line":113,"column":18},"end":{"line":117,"column":6}},"47":{"start":{"line":119,"column":4},"end":{"line":130,"column":7}},"48":{"start":{"line":132,"column":4},"end":{"line":132,"column":59}},"49":{"start":{"line":137,"column":2},"end":{"line":165,"column":3}},"50":{"start":{"line":138,"column":23},"end":{"line":138,"column":33}},"51":{"start":{"line":139,"column":17},"end":{"line":139,"column":25}},"52":{"start":{"line":141,"column":46},"end":{"line":141,"column":48}},"53":{"start":{"line":143,"column":4},"end":{"line":143,"column":65}},"54":{"start":{"line":143,"column":39},"end":{"line":143,"column":65}},"55":{"start":{"line":144,"column":4},"end":{"line":144,"column":74}},"56":{"start":{"line":144,"column":42},"end":{"line":144,"column":74}},"57":{"start":{"line":145,"column":4},"end":{"line":145,"column":68}},"58":{"start":{"line":145,"column":40},"end":{"line":145,"column":68}},"59":{"start":{"line":146,"column":4},"end":{"line":146,"column":77}},"60":{"start":{"line":146,"column":43},"end":{"line":146,"column":77}},"61":{"start":{"line":147,"column":4},"end":{"line":147,"column":62}},"62":{"start":{"line":147,"column":38},"end":{"line":147,"column":62}},"63":{"start":{"line":148,"column":4},"end":{"line":150,"column":5}},"64":{"start":{"line":149,"column":6},"end":{"line":149,"column":63}},"65":{"start":{"line":152,"column":24},"end":{"line":152,"column":58}},"66":{"start":{"line":154,"column":4},"end":{"line":157,"column":7}},"67":{"start":{"line":159,"column":4},"end":{"line":162,"column":5}},"68":{"start":{"line":160,"column":6},"end":{"line":160,"column":35}},"69":{"start":{"line":161,"column":6},"end":{"line":161,"column":60}},"70":{"start":{"line":163,"column":4},"end":{"line":163,"column":25}},"71":{"start":{"line":164,"column":4},"end":{"line":164,"column":72}}},"fnMap":{"0":{"name":"registerUser","decl":{"start":{"line":11,"column":22},"end":{"line":11,"column":34}},"loc":{"start":{"line":11,"column":62},"end":{"line":98,"column":1}}},"1":{"name":"(anonymous_2)","decl":{"start":{"line":55,"column":55},"end":{"line":55,"column":56}},"loc":{"start":{"line":56,"column":6},"end":{"line":56,"column":31}}},"2":{"name":"loginUser","decl":{"start":{"line":100,"column":22},"end":{"line":100,"column":31}},"loc":{"start":{"line":100,"column":59},"end":{"line":134,"column":1}}},"3":{"name":"updateAUser","decl":{"start":{"line":136,"column":22},"end":{"line":136,"column":33}},"loc":{"start":{"line":136,"column":61},"end":{"line":166,"column":1}}}},"branchMap":{"0":{"loc":{"start":{"line":15,"column":4},"end":{"line":19,"column":5}},"type":"if","locations":[{"start":{"line":15,"column":4},"end":{"line":19,"column":5}},{"start":{},"end":{}}]},"1":{"loc":{"start":{"line":15,"column":8},"end":{"line":15,"column":57}},"type":"binary-expr","locations":[{"start":{"line":15,"column":8},"end":{"line":15,"column":14}},{"start":{"line":15,"column":18},"end":{"line":15,"column":23}},{"start":{"line":15,"column":27},"end":{"line":15,"column":44}},{"start":{"line":15,"column":48},"end":{"line":15,"column":57}}]},"2":{"loc":{"start":{"line":22,"column":4},"end":{"line":24,"column":5}},"type":"if","locations":[{"start":{"line":22,"column":4},"end":{"line":24,"column":5}},{"start":{},"end":{}}]},"3":{"loc":{"start":{"line":22,"column":8},"end":{"line":22,"column":60}},"type":"binary-expr","locations":[{"start":{"line":22,"column":8},"end":{"line":22,"column":33}},{"start":{"line":22,"column":37},"end":{"line":22,"column":60}}]},"4":{"loc":{"start":{"line":26,"column":4},"end":{"line":28,"column":5}},"type":"if","locations":[{"start":{"line":26,"column":4},"end":{"line":28,"column":5}},{"start":{},"end":{}}]},"5":{"loc":{"start":{"line":26,"column":8},"end":{"line":26,"column":60}},"type":"binary-expr","locations":[{"start":{"line":26,"column":8},"end":{"line":26,"column":32}},{"start":{"line":26,"column":36},"end":{"line":26,"column":60}}]},"6":{"loc":{"start":{"line":31,"column":4},"end":{"line":33,"column":5}},"type":"if","locations":[{"start":{"line":31,"column":4},"end":{"line":33,"column":5}},{"start":{},"end":{}}]},"7":{"loc":{"start":{"line":31,"column":8},"end":{"line":31,"column":58}},"type":"binary-expr","locations":[{"start":{"line":31,"column":8},"end":{"line":31,"column":28}},{"start":{"line":31,"column":32},"end":{"line":31,"column":42}},{"start":{"line":31,"column":46},"end":{"line":31,"column":58}}]},"8":{"loc":{"start":{"line":36,"column":6},"end":{"line":40,"column":16}},"type":"cond-expr","locations":[{"start":{"line":37,"column":10},"end":{"line":37,"column":18}},{"start":{"line":38,"column":10},"end":{"line":40,"column":16}}]},"9":{"loc":{"start":{"line":38,"column":10},"end":{"line":40,"column":16}},"type":"cond-expr","locations":[{"start":{"line":39,"column":12},"end":{"line":39,"column":28}},{"start":{"line":40,"column":12},"end":{"line":40,"column":16}}]},"10":{"loc":{"start":{"line":42,"column":4},"end":{"line":46,"column":5}},"type":"if","locations":[{"start":{"line":42,"column":4},"end":{"line":46,"column":5}},{"start":{},"end":{}}]},"11":{"loc":{"start":{"line":42,"column":8},"end":{"line":42,"column":46}},"type":"binary-expr","locations":[{"start":{"line":42,"column":8},"end":{"line":42,"column":20}},{"start":{"line":42,"column":24},"end":{"line":42,"column":46}}]},"12":{"loc":{"start":{"line":58,"column":4},"end":{"line":62,"column":5}},"type":"if","locations":[{"start":{"line":58,"column":4},"end":{"line":62,"column":5}},{"start":{},"end":{}}]},"13":{"loc":{"start":{"line":64,"column":4},"end":{"line":68,"column":5}},"type":"if","locations":[{"start":{"line":64,"column":4},"end":{"line":68,"column":5}},{"start":{},"end":{}}]},"14":{"loc":{"start":{"line":71,"column":4},"end":{"line":75,"column":5}},"type":"if","locations":[{"start":{"line":71,"column":4},"end":{"line":75,"column":5}},{"start":{},"end":{}}]},"15":{"loc":{"start":{"line":71,"column":8},"end":{"line":71,"column":41}},"type":"binary-expr","locations":[{"start":{"line":71,"column":8},"end":{"line":71,"column":21}},{"start":{"line":71,"column":25},"end":{"line":71,"column":41}}]},"16":{"loc":{"start":{"line":85,"column":21},"end":{"line":93,"column":12}},"type":"cond-expr","locations":[{"start":{"line":86,"column":8},"end":{"line":92,"column":null}},{"start":{"line":93,"column":8},"end":{"line":93,"column":12}}]},"17":{"loc":{"start":{"line":104,"column":4},"end":{"line":105,"column":77}},"type":"if","locations":[{"start":{"line":104,"column":4},"end":{"line":105,"column":77}},{"start":{},"end":{}}]},"18":{"loc":{"start":{"line":104,"column":8},"end":{"line":104,"column":27}},"type":"binary-expr","locations":[{"start":{"line":104,"column":8},"end":{"line":104,"column":14}},{"start":{"line":104,"column":18},"end":{"line":104,"column":27}}]},"19":{"loc":{"start":{"line":108,"column":4},"end":{"line":108,"column":72}},"type":"if","locations":[{"start":{"line":108,"column":4},"end":{"line":108,"column":72}},{"start":{},"end":{}}]},"20":{"loc":{"start":{"line":111,"column":4},"end":{"line":112,"column":67}},"type":"if","locations":[{"start":{"line":111,"column":4},"end":{"line":112,"column":67}},{"start":{},"end":{}}]},"21":{"loc":{"start":{"line":143,"column":4},"end":{"line":143,"column":65}},"type":"if","locations":[{"start":{"line":143,"column":4},"end":{"line":143,"column":65}},{"start":{},"end":{}}]},"22":{"loc":{"start":{"line":144,"column":4},"end":{"line":144,"column":74}},"type":"if","locations":[{"start":{"line":144,"column":4},"end":{"line":144,"column":74}},{"start":{},"end":{}}]},"23":{"loc":{"start":{"line":145,"column":4},"end":{"line":145,"column":68}},"type":"if","locations":[{"start":{"line":145,"column":4},"end":{"line":145,"column":68}},{"start":{},"end":{}}]},"24":{"loc":{"start":{"line":146,"column":4},"end":{"line":146,"column":77}},"type":"if","locations":[{"start":{"line":146,"column":4},"end":{"line":146,"column":77}},{"start":{},"end":{}}]},"25":{"loc":{"start":{"line":147,"column":4},"end":{"line":147,"column":62}},"type":"if","locations":[{"start":{"line":147,"column":4},"end":{"line":147,"column":62}},{"start":{},"end":{}}]},"26":{"loc":{"start":{"line":148,"column":4},"end":{"line":150,"column":5}},"type":"if","locations":[{"start":{"line":148,"column":4},"end":{"line":150,"column":5}},{"start":{},"end":{}}]},"27":{"loc":{"start":{"line":148,"column":8},"end":{"line":148,"column":70}},"type":"binary-expr","locations":[{"start":{"line":148,"column":8},"end":{"line":148,"column":41}},{"start":{"line":148,"column":45},"end":{"line":148,"column":70}}]},"28":{"loc":{"start":{"line":159,"column":4},"end":{"line":162,"column":5}},"type":"if","locations":[{"start":{"line":159,"column":4},"end":{"line":162,"column":5}},{"start":{},"end":{}}]}},"s":{"0":8,"1":8,"2":8,"3":8,"4":8,"5":8,"6":6,"7":6,"8":6,"9":1,"10":5,"11":5,"12":1,"13":4,"14":0,"15":4,"16":4,"17":0,"18":4,"19":4,"20":1,"21":3,"22":3,"23":12,"24":3,"25":0,"26":3,"27":0,"28":3,"29":3,"30":3,"31":1,"32":2,"33":2,"34":2,"35":0,"36":7,"37":7,"38":7,"39":1,"40":6,"41":5,"42":1,"43":4,"44":4,"45":2,"46":2,"47":2,"48":1,"49":7,"50":7,"51":7,"52":7,"53":7,"54":4,"55":7,"56":0,"57":7,"58":2,"59":7,"60":1,"61":7,"62":0,"63":7,"64":2,"65":7,"66":5,"67":2,"68":2,"69":2,"70":0,"71":0},"f":{"0":6,"1":12,"2":7,"3":7},"b":{"0":[1,5],"1":[6,6,6,5],"2":[1,4],"3":[5,5],"4":[0,4],"5":[4,4],"6":[0,4],"7":[4,4,4],"8":[4,0],"9":[0,0],"10":[1,3],"11":[4,4],"12":[0,3],"13":[0,3],"14":[1,2],"15":[3,2],"16":[2,0],"17":[1,6],"18":[7,7],"19":[1,4],"20":[2,2],"21":[4,3],"22":[0,7],"23":[2,5],"24":[1,6],"25":[0,7],"26":[2,5],"27":[7,3],"28":[2,0]}}
,"/home/nicolassalazar/Documents/2025-2/Spottly-Backend/src/routes/business.ts": {"path":"/home/nicolassalazar/Documents/2025-2/Spottly-Backend/src/routes/business.ts","statementMap":{"0":{"start":{"line":1,"column":0},"end":{"line":1,"column":33}},"1":{"start":{"line":2,"column":0},"end":{"line":2,"column":73}},"2":{"start":{"line":4,"column":15},"end":{"line":4,"column":23}},"3":{"start":{"line":6,"column":0},"end":{"line":6,"column":43}},"4":{"start":{"line":7,"column":0},"end":{"line":7,"column":37}},"5":{"start":{"line":9,"column":0},"end":{"line":9,"column":22}}},"fnMap":{},"branchMap":{},"s":{"0":5,"1":5,"2":5,"3":5,"4":5,"5":5},"f":{},"b":{}}
,"/home/nicolassalazar/Documents/2025-2/Spottly-Backend/src/routes/user.ts": {"path":"/home/nicolassalazar/Documents/2025-2/Spottly-Backend/src/routes/user.ts","statementMap":{"0":{"start":{"line":1,"column":0},"end":{"line":1,"column":33}},"1":{"start":{"line":2,"column":0},"end":{"line":2,"column":74}},"2":{"start":{"line":4,"column":15},"end":{"line":4,"column":23}},"3":{"start":{"line":6,"column":0},"end":{"line":6,"column":39}},"4":{"start":{"line":7,"column":0},"end":{"line":7,"column":33}},"5":{"start":{"line":8,"column":0},"end":{"line":8,"column":47}},"6":{"start":{"line":10,"column":0},"end":{"line":10,"column":22}}},"fnMap":{},"branchMap":{},"s":{"0":5,"1":5,"2":5,"3":5,"4":5,"5":5,"6":5},"f":{},"b":{}}
,"/home/nicolassalazar/Documents/2025-2/Spottly-Backend/src/services/auth.ts": {"path":"/home/nicolassalazar/Documents/2025-2/Spottly-Backend/src/services/auth.ts","statementMap":{"0":{"start":{"line":5,"column":0},"end":{"line":5,"column":16}},"1":{"start":{"line":11,"column":0},"end":{"line":11,"column":16}},"2":{"start":{"line":1,"column":0},"end":{"line":1,"column":31}},"3":{"start":{"line":3,"column":19},"end":{"line":3,"column":55}},"4":{"start":{"line":6,"column":2},"end":{"line":8,"column":5}},"5":{"start":{"line":12,"column":2},"end":{"line":16,"column":3}},"6":{"start":{"line":13,"column":4},"end":{"line":13,"column":41}},"7":{"start":{"line":15,"column":4},"end":{"line":15,"column":48}}},"fnMap":{"0":{"name":"generateToken","decl":{"start":{"line":5,"column":16},"end":{"line":5,"column":29}},"loc":{"start":{"line":5,"column":45},"end":{"line":9,"column":1}}},"1":{"name":"verifyToken","decl":{"start":{"line":11,"column":16},"end":{"line":11,"column":27}},"loc":{"start":{"line":11,"column":41},"end":{"line":17,"column":1}}}},"branchMap":{"0":{"loc":{"start":{"line":3,"column":19},"end":{"line":3,"column":55}},"type":"binary-expr","locations":[{"start":{"line":3,"column":19},"end":{"line":3,"column":41}},{"start":{"line":3,"column":45},"end":{"line":3,"column":55}}]}},"s":{"0":10,"1":10,"2":10,"3":10,"4":0,"5":0,"6":0,"7":0},"f":{"0":0,"1":0},"b":{"0":[10,2]}}
,"/home/nicolassalazar/Documents/2025-2/Spottly-Backend/src/services/business.ts": {"path":"/home/nicolassalazar/Documents/2025-2/Spottly-Backend/src/services/business.ts","statementMap":{"0":{"start":{"line":4,"column":0},"end":{"line":4,"column":7}},"1":{"start":{"line":36,"column":0},"end":{"line":36,"column":7}},"2":{"start":{"line":46,"column":0},"end":{"line":46,"column":7}},"3":{"start":{"line":1,"column":0},"end":{"line":1,"column":46}},"4":{"start":{"line":2,"column":0},"end":{"line":2,"column":28}},"5":{"start":{"line":14,"column":25},"end":{"line":14,"column":56}},"6":{"start":{"line":16,"column":26},"end":{"line":30,"column":13}},"7":{"start":{"line":32,"column":2},"end":{"line":32,"column":44}},"8":{"start":{"line":32,"column":13},"end":{"line":32,"column":44}},"9":{"start":{"line":33,"column":2},"end":{"line":33,"column":17}},"10":{"start":{"line":37,"column":26},"end":{"line":41,"column":18}},"11":{"start":{"line":42,"column":2},"end":{"line":42,"column":44}},"12":{"start":{"line":42,"column":13},"end":{"line":42,"column":44}},"13":{"start":{"line":43,"column":2},"end":{"line":43,"column":14}},"14":{"start":{"line":47,"column":26},"end":{"line":51,"column":18}},"15":{"start":{"line":52,"column":2},"end":{"line":52,"column":44}},"16":{"start":{"line":52,"column":13},"end":{"line":52,"column":44}},"17":{"start":{"line":53,"column":2},"end":{"line":53,"column":14}}},"fnMap":{"0":{"name":"createBusiness","decl":{"start":{"line":4,"column":22},"end":{"line":4,"column":36}},"loc":{"start":{"line":12,"column":18},"end":{"line":34,"column":1}}},"1":{"name":"getBusinessByEmail","decl":{"start":{"line":36,"column":22},"end":{"line":36,"column":40}},"loc":{"start":{"line":36,"column":54},"end":{"line":44,"column":1}}},"2":{"name":"getBusinessByUsername","decl":{"start":{"line":46,"column":22},"end":{"line":46,"column":43}},"loc":{"start":{"line":46,"column":65},"end":{"line":54,"column":1}}}},"branchMap":{"0":{"loc":{"start":{"line":32,"column":2},"end":{"line":32,"column":44}},"type":"if","locations":[{"start":{"line":32,"column":2},"end":{"line":32,"column":44}},{"start":{},"end":{}}]},"1":{"loc":{"start":{"line":42,"column":2},"end":{"line":42,"column":44}},"type":"if","locations":[{"start":{"line":42,"column":2},"end":{"line":42,"column":44}},{"start":{},"end":{}}]},"2":{"loc":{"start":{"line":52,"column":2},"end":{"line":52,"column":44}},"type":"if","locations":[{"start":{"line":52,"column":2},"end":{"line":52,"column":44}},{"start":{},"end":{}}]}},"s":{"0":7,"1":7,"2":7,"3":7,"4":7,"5":0,"6":0,"7":0,"8":0,"9":0,"10":0,"11":0,"12":0,"13":0,"14":0,"15":0,"16":0,"17":0},"f":{"0":0,"1":0,"2":0},"b":{"0":[0,0],"1":[0,0],"2":[0,0]}}
,"/home/nicolassalazar/Documents/2025-2/Spottly-Backend/src/services/user.ts": {"path":"/home/nicolassalazar/Documents/2025-2/Spottly-Backend/src/services/user.ts","statementMap":{"0":{"start":{"line":4,"column":0},"end":{"line":4,"column":7}},"1":{"start":{"line":23,"column":0},"end":{"line":23,"column":7}},"2":{"start":{"line":33,"column":0},"end":{"line":33,"column":7}},"3":{"start":{"line":43,"column":0},"end":{"line":43,"column":7}},"4":{"start":{"line":1,"column":0},"end":{"line":1,"column":46}},"5":{"start":{"line":2,"column":0},"end":{"line":2,"column":28}},"6":{"start":{"line":12,"column":25},"end":{"line":12,"column":56}},"7":{"start":{"line":14,"column":26},"end":{"line":17,"column":13}},"8":{"start":{"line":19,"column":2},"end":{"line":19,"column":44}},"9":{"start":{"line":19,"column":13},"end":{"line":19,"column":44}},"10":{"start":{"line":20,"column":2},"end":{"line":20,"column":17}},"11":{"start":{"line":24,"column":26},"end":{"line":28,"column":18}},"12":{"start":{"line":29,"column":2},"end":{"line":29,"column":44}},"13":{"start":{"line":29,"column":13},"end":{"line":29,"column":44}},"14":{"start":{"line":30,"column":2},"end":{"line":30,"column":14}},"15":{"start":{"line":34,"column":26},"end":{"line":38,"column":18}},"16":{"start":{"line":39,"column":2},"end":{"line":39,"column":44}},"17":{"start":{"line":39,"column":13},"end":{"line":39,"column":44}},"18":{"start":{"line":40,"column":2},"end":{"line":40,"column":14}},"19":{"start":{"line":44,"column":26},"end":{"line":49,"column":18}},"20":{"start":{"line":50,"column":2},"end":{"line":50,"column":44}},"21":{"start":{"line":50,"column":13},"end":{"line":50,"column":44}},"22":{"start":{"line":51,"column":2},"end":{"line":51,"column":14}}},"fnMap":{"0":{"name":"createUser","decl":{"start":{"line":4,"column":22},"end":{"line":4,"column":32}},"loc":{"start":{"line":10,"column":18},"end":{"line":21,"column":1}}},"1":{"name":"getUserByEmail","decl":{"start":{"line":23,"column":22},"end":{"line":23,"column":36}},"loc":{"start":{"line":23,"column":50},"end":{"line":31,"column":1}}},"2":{"name":"getUserByUsername","decl":{"start":{"line":33,"column":22},"end":{"line":33,"column":39}},"loc":{"start":{"line":33,"column":56},"end":{"line":41,"column":1}}},"3":{"name":"updateUser","decl":{"start":{"line":43,"column":22},"end":{"line":43,"column":32}},"loc":{"start":{"line":43,"column":77},"end":{"line":52,"column":1}}}},"branchMap":{"0":{"loc":{"start":{"line":19,"column":2},"end":{"line":19,"column":44}},"type":"if","locations":[{"start":{"line":19,"column":2},"end":{"line":19,"column":44}},{"start":{},"end":{}}]},"1":{"loc":{"start":{"line":29,"column":2},"end":{"line":29,"column":44}},"type":"if","locations":[{"start":{"line":29,"column":2},"end":{"line":29,"column":44}},{"start":{},"end":{}}]},"2":{"loc":{"start":{"line":39,"column":2},"end":{"line":39,"column":44}},"type":"if","locations":[{"start":{"line":39,"column":2},"end":{"line":39,"column":44}},{"start":{},"end":{}}]},"3":{"loc":{"start":{"line":50,"column":2},"end":{"line":50,"column":44}},"type":"if","locations":[{"start":{"line":50,"column":2},"end":{"line":50,"column":44}},{"start":{},"end":{}}]}},"s":{"0":8,"1":8,"2":8,"3":8,"4":8,"5":8,"6":0,"7":0,"8":0,"9":0,"10":0,"11":0,"12":0,"13":0,"14":0,"15":0,"16":0,"17":0,"18":0,"19":0,"20":0,"21":0,"22":0},"f":{"0":0,"1":0,"2":0,"3":0},"b":{"0":[0,0],"1":[0,0],"2":[0,0],"3":[0,0]}}
}
