{"/home/nicolassalazar/Documents/2025-2/Spottly-Backend/src/app.ts": {"path":"/home/nicolassalazar/Documents/2025-2/Spottly-Backend/src/app.ts","statementMap":{"0":{"start":{"line":1,"column":0},"end":{"line":1,"column":53}},"1":{"start":{"line":2,"column":0},"end":{"line":2,"column":28}},"2":{"start":{"line":3,"column":0},"end":{"line":3,"column":28}},"3":{"start":{"line":4,"column":0},"end":{"line":4,"column":39}},"4":{"start":{"line":6,"column":0},"end":{"line":6,"column":16}},"5":{"start":{"line":8,"column":12},"end":{"line":8,"column":21}},"6":{"start":{"line":9,"column":0},"end":{"line":11,"column":1}},"7":{"start":{"line":10,"column":2},"end":{"line":10,"column":18}},"8":{"start":{"line":12,"column":21},"end":{"line":12,"column":61}},"9":{"start":{"line":14,"column":0},"end":{"line":14,"column":18}},"10":{"start":{"line":15,"column":0},"end":{"line":15,"column":24}},"11":{"start":{"line":16,"column":0},"end":{"line":16,"column":48}},"12":{"start":{"line":16,"column":48},"end":{"line":16,"column":null}},"13":{"start":{"line":17,"column":0},"end":{"line":17,"column":34}},"14":{"start":{"line":19,"column":0},"end":{"line":21,"column":3}},"15":{"start":{"line":20,"column":2},"end":{"line":20,"column":40}},"16":{"start":{"line":23,"column":0},"end":{"line":23,"column":null}}},"fnMap":{"0":{"name":"(anonymous_1)","decl":{"start":{"line":19,"column":13},"end":{"line":19,"column":14}},"loc":{"start":{"line":19,"column":46},"end":{"line":21,"column":1}}}},"branchMap":{"0":{"loc":{"start":{"line":9,"column":0},"end":{"line":11,"column":1}},"type":"if","locations":[{"start":{"line":9,"column":0},"end":{"line":11,"column":1}},{"start":{},"end":{}}]}},"s":{"0":2,"1":2,"2":2,"3":2,"4":2,"5":2,"6":2,"7":0,"8":2,"9":2,"10":2,"11":2,"12":2,"13":2,"14":2,"15":0,"16":2},"f":{"0":0},"b":{"0":[0,2]}}
,"/home/nicolassalazar/Documents/2025-2/Spottly-Backend/src/config/database.ts": {"path":"/home/nicolassalazar/Documents/2025-2/Spottly-Backend/src/config/database.ts","statementMap":{"0":{"start":{"line":1,"column":0},"end":{"line":1,"column":53}},"1":{"start":{"line":2,"column":0},"end":{"line":2,"column":23}},"2":{"start":{"line":4,"column":21},"end":{"line":4,"column":55}},"3":{"start":{"line":5,"column":34},"end":{"line":6,"column":38}},"4":{"start":{"line":8,"column":13},"end":{"line":8,"column":78}}},"fnMap":{},"branchMap":{},"s":{"0":4,"1":4,"2":4,"3":4,"4":4},"f":{},"b":{}}
,"/home/nicolassalazar/Documents/2025-2/Spottly-Backend/src/controller/user.ts": {"path":"/home/nicolassalazar/Documents/2025-2/Spottly-Backend/src/controller/user.ts","statementMap":{"0":{"start":{"line":10,"column":0},"end":{"line":10,"column":7}},"1":{"start":{"line":99,"column":0},"end":{"line":99,"column":7}},"2":{"start":{"line":1,"column":0},"end":{"line":1,"column":28}},"3":{"start":{"line":2,"column":0},"end":{"line":2,"column":null}},"4":{"start":{"line":7,"column":0},"end":{"line":7,"column":62}},"5":{"start":{"line":11,"column":2},"end":{"line":96,"column":3}},"6":{"start":{"line":12,"column":62},"end":{"line":12,"column":70}},"7":{"start":{"line":14,"column":4},"end":{"line":18,"column":5}},"8":{"start":{"line":15,"column":6},"end":{"line":17,"column":9}},"9":{"start":{"line":20,"column":23},"end":{"line":20,"column":51}},"10":{"start":{"line":21,"column":4},"end":{"line":23,"column":5}},"11":{"start":{"line":22,"column":6},"end":{"line":22,"column":63}},"12":{"start":{"line":25,"column":4},"end":{"line":27,"column":5}},"13":{"start":{"line":26,"column":6},"end":{"line":26,"column":64}},"14":{"start":{"line":29,"column":19},"end":{"line":29,"column":30}},"15":{"start":{"line":30,"column":4},"end":{"line":32,"column":5}},"16":{"start":{"line":31,"column":6},"end":{"line":31,"column":62}},"17":{"start":{"line":35,"column":6},"end":{"line":39,"column":16}},"18":{"start":{"line":41,"column":4},"end":{"line":45,"column":5}},"19":{"start":{"line":42,"column":6},"end":{"line":44,"column":75}},"20":{"start":{"line":47,"column":30},"end":{"line":52,"column":6}},"21":{"start":{"line":54,"column":32},"end":{"line":55,"column":null}},"22":{"start":{"line":55,"column":6},"end":{"line":55,"column":31}},"23":{"start":{"line":57,"column":4},"end":{"line":61,"column":5}},"24":{"start":{"line":58,"column":6},"end":{"line":60,"column":9}},"25":{"start":{"line":63,"column":4},"end":{"line":67,"column":5}},"26":{"start":{"line":64,"column":6},"end":{"line":66,"column":9}},"27":{"start":{"line":68,"column":26},"end":{"line":68,"column":53}},"28":{"start":{"line":69,"column":29},"end":{"line":69,"column":62}},"29":{"start":{"line":70,"column":4},"end":{"line":74,"column":5}},"30":{"start":{"line":71,"column":6},"end":{"line":73,"column":76}},"31":{"start":{"line":76,"column":20},"end":{"line":82,"column":null}},"32":{"start":{"line":84,"column":21},"end":{"line":92,"column":12}},"33":{"start":{"line":93,"column":4},"end":{"line":93,"column":42}},"34":{"start":{"line":95,"column":4},"end":{"line":95,"column":56}},"35":{"start":{"line":100,"column":2},"end":{"line":132,"column":3}},"36":{"start":{"line":101,"column":32},"end":{"line":101,"column":40}},"37":{"start":{"line":103,"column":4},"end":{"line":104,"column":77}},"38":{"start":{"line":104,"column":6},"end":{"line":104,"column":77}},"39":{"start":{"line":106,"column":17},"end":{"line":106,"column":44}},"40":{"start":{"line":107,"column":4},"end":{"line":107,"column":72}},"41":{"start":{"line":107,"column":15},"end":{"line":107,"column":72}},"42":{"start":{"line":109,"column":26},"end":{"line":109,"column":71}},"43":{"start":{"line":110,"column":4},"end":{"line":111,"column":67}},"44":{"start":{"line":111,"column":6},"end":{"line":111,"column":67}},"45":{"start":{"line":112,"column":18},"end":{"line":116,"column":6}},"46":{"start":{"line":118,"column":4},"end":{"line":129,"column":7}},"47":{"start":{"line":131,"column":4},"end":{"line":131,"column":59}}},"fnMap":{"0":{"name":"registerUser","decl":{"start":{"line":10,"column":22},"end":{"line":10,"column":34}},"loc":{"start":{"line":10,"column":62},"end":{"line":97,"column":1}}},"1":{"name":"(anonymous_2)","decl":{"start":{"line":54,"column":55},"end":{"line":54,"column":56}},"loc":{"start":{"line":55,"column":6},"end":{"line":55,"column":31}}},"2":{"name":"loginUser","decl":{"start":{"line":99,"column":22},"end":{"line":99,"column":31}},"loc":{"start":{"line":99,"column":59},"end":{"line":133,"column":1}}}},"branchMap":{"0":{"loc":{"start":{"line":14,"column":4},"end":{"line":18,"column":5}},"type":"if","locations":[{"start":{"line":14,"column":4},"end":{"line":18,"column":5}},{"start":{},"end":{}}]},"1":{"loc":{"start":{"line":14,"column":8},"end":{"line":14,"column":57}},"type":"binary-expr","locations":[{"start":{"line":14,"column":8},"end":{"line":14,"column":14}},{"start":{"line":14,"column":18},"end":{"line":14,"column":23}},{"start":{"line":14,"column":27},"end":{"line":14,"column":44}},{"start":{"line":14,"column":48},"end":{"line":14,"column":57}}]},"2":{"loc":{"start":{"line":21,"column":4},"end":{"line":23,"column":5}},"type":"if","locations":[{"start":{"line":21,"column":4},"end":{"line":23,"column":5}},{"start":{},"end":{}}]},"3":{"loc":{"start":{"line":21,"column":8},"end":{"line":21,"column":60}},"type":"binary-expr","locations":[{"start":{"line":21,"column":8},"end":{"line":21,"column":33}},{"start":{"line":21,"column":37},"end":{"line":21,"column":60}}]},"4":{"loc":{"start":{"line":25,"column":4},"end":{"line":27,"column":5}},"type":"if","locations":[{"start":{"line":25,"column":4},"end":{"line":27,"column":5}},{"start":{},"end":{}}]},"5":{"loc":{"start":{"line":25,"column":8},"end":{"line":25,"column":60}},"type":"binary-expr","locations":[{"start":{"line":25,"column":8},"end":{"line":25,"column":32}},{"start":{"line":25,"column":36},"end":{"line":25,"column":60}}]},"6":{"loc":{"start":{"line":30,"column":4},"end":{"line":32,"column":5}},"type":"if","locations":[{"start":{"line":30,"column":4},"end":{"line":32,"column":5}},{"start":{},"end":{}}]},"7":{"loc":{"start":{"line":30,"column":8},"end":{"line":30,"column":58}},"type":"binary-expr","locations":[{"start":{"line":30,"column":8},"end":{"line":30,"column":28}},{"start":{"line":30,"column":32},"end":{"line":30,"column":42}},{"start":{"line":30,"column":46},"end":{"line":30,"column":58}}]},"8":{"loc":{"start":{"line":35,"column":6},"end":{"line":39,"column":16}},"type":"cond-expr","locations":[{"start":{"line":36,"column":10},"end":{"line":36,"column":18}},{"start":{"line":37,"column":10},"end":{"line":39,"column":16}}]},"9":{"loc":{"start":{"line":37,"column":10},"end":{"line":39,"column":16}},"type":"cond-expr","locations":[{"start":{"line":38,"column":12},"end":{"line":38,"column":28}},{"start":{"line":39,"column":12},"end":{"line":39,"column":16}}]},"10":{"loc":{"start":{"line":41,"column":4},"end":{"line":45,"column":5}},"type":"if","locations":[{"start":{"line":41,"column":4},"end":{"line":45,"column":5}},{"start":{},"end":{}}]},"11":{"loc":{"start":{"line":41,"column":8},"end":{"line":41,"column":46}},"type":"binary-expr","locations":[{"start":{"line":41,"column":8},"end":{"line":41,"column":20}},{"start":{"line":41,"column":24},"end":{"line":41,"column":46}}]},"12":{"loc":{"start":{"line":57,"column":4},"end":{"line":61,"column":5}},"type":"if","locations":[{"start":{"line":57,"column":4},"end":{"line":61,"column":5}},{"start":{},"end":{}}]},"13":{"loc":{"start":{"line":63,"column":4},"end":{"line":67,"column":5}},"type":"if","locations":[{"start":{"line":63,"column":4},"end":{"line":67,"column":5}},{"start":{},"end":{}}]},"14":{"loc":{"start":{"line":70,"column":4},"end":{"line":74,"column":5}},"type":"if","locations":[{"start":{"line":70,"column":4},"end":{"line":74,"column":5}},{"start":{},"end":{}}]},"15":{"loc":{"start":{"line":70,"column":8},"end":{"line":70,"column":41}},"type":"binary-expr","locations":[{"start":{"line":70,"column":8},"end":{"line":70,"column":21}},{"start":{"line":70,"column":25},"end":{"line":70,"column":41}}]},"16":{"loc":{"start":{"line":84,"column":21},"end":{"line":92,"column":12}},"type":"cond-expr","locations":[{"start":{"line":85,"column":8},"end":{"line":91,"column":null}},{"start":{"line":92,"column":8},"end":{"line":92,"column":12}}]},"17":{"loc":{"start":{"line":103,"column":4},"end":{"line":104,"column":77}},"type":"if","locations":[{"start":{"line":103,"column":4},"end":{"line":104,"column":77}},{"start":{},"end":{}}]},"18":{"loc":{"start":{"line":103,"column":8},"end":{"line":103,"column":27}},"type":"binary-expr","locations":[{"start":{"line":103,"column":8},"end":{"line":103,"column":14}},{"start":{"line":103,"column":18},"end":{"line":103,"column":27}}]},"19":{"loc":{"start":{"line":107,"column":4},"end":{"line":107,"column":72}},"type":"if","locations":[{"start":{"line":107,"column":4},"end":{"line":107,"column":72}},{"start":{},"end":{}}]},"20":{"loc":{"start":{"line":110,"column":4},"end":{"line":111,"column":67}},"type":"if","locations":[{"start":{"line":110,"column":4},"end":{"line":111,"column":67}},{"start":{},"end":{}}]}},"s":{"0":4,"1":4,"2":4,"3":4,"4":4,"5":6,"6":6,"7":6,"8":1,"9":5,"10":5,"11":1,"12":4,"13":0,"14":4,"15":4,"16":0,"17":4,"18":4,"19":1,"20":3,"21":3,"22":12,"23":3,"24":0,"25":3,"26":0,"27":3,"28":3,"29":3,"30":1,"31":2,"32":2,"33":2,"34":0,"35":7,"36":7,"37":7,"38":1,"39":6,"40":5,"41":1,"42":4,"43":4,"44":2,"45":2,"46":2,"47":1},"f":{"0":6,"1":12,"2":7},"b":{"0":[1,5],"1":[6,6,6,5],"2":[1,4],"3":[5,5],"4":[0,4],"5":[4,4],"6":[0,4],"7":[4,4,4],"8":[4,0],"9":[0,0],"10":[1,3],"11":[4,4],"12":[0,3],"13":[0,3],"14":[1,2],"15":[3,2],"16":[2,0],"17":[1,6],"18":[7,7],"19":[1,4],"20":[2,2]}}
,"/home/nicolassalazar/Documents/2025-2/Spottly-Backend/src/routes/user.ts": {"path":"/home/nicolassalazar/Documents/2025-2/Spottly-Backend/src/routes/user.ts","statementMap":{"0":{"start":{"line":1,"column":0},"end":{"line":1,"column":33}},"1":{"start":{"line":2,"column":0},"end":{"line":2,"column":61}},"2":{"start":{"line":4,"column":15},"end":{"line":4,"column":23}},"3":{"start":{"line":6,"column":0},"end":{"line":6,"column":39}},"4":{"start":{"line":7,"column":0},"end":{"line":7,"column":33}},"5":{"start":{"line":9,"column":0},"end":{"line":9,"column":22}}},"fnMap":{},"branchMap":{},"s":{"0":2,"1":2,"2":2,"3":2,"4":2,"5":2},"f":{},"b":{}}
,"/home/nicolassalazar/Documents/2025-2/Spottly-Backend/src/services/auth.ts": {"path":"/home/nicolassalazar/Documents/2025-2/Spottly-Backend/src/services/auth.ts","statementMap":{"0":{"start":{"line":5,"column":0},"end":{"line":5,"column":16}},"1":{"start":{"line":11,"column":0},"end":{"line":11,"column":16}},"2":{"start":{"line":1,"column":0},"end":{"line":1,"column":31}},"3":{"start":{"line":3,"column":19},"end":{"line":3,"column":55}},"4":{"start":{"line":6,"column":2},"end":{"line":8,"column":5}},"5":{"start":{"line":12,"column":2},"end":{"line":16,"column":3}},"6":{"start":{"line":13,"column":4},"end":{"line":13,"column":41}},"7":{"start":{"line":15,"column":4},"end":{"line":15,"column":48}}},"fnMap":{"0":{"name":"generateToken","decl":{"start":{"line":5,"column":16},"end":{"line":5,"column":29}},"loc":{"start":{"line":5,"column":45},"end":{"line":9,"column":1}}},"1":{"name":"verifyToken","decl":{"start":{"line":11,"column":16},"end":{"line":11,"column":27}},"loc":{"start":{"line":11,"column":41},"end":{"line":17,"column":1}}}},"branchMap":{"0":{"loc":{"start":{"line":3,"column":19},"end":{"line":3,"column":55}},"type":"binary-expr","locations":[{"start":{"line":3,"column":19},"end":{"line":3,"column":41}},{"start":{"line":3,"column":45},"end":{"line":3,"column":55}}]}},"s":{"0":4,"1":4,"2":4,"3":4,"4":0,"5":0,"6":0,"7":0},"f":{"0":0,"1":0},"b":{"0":[4,0]}}
,"/home/nicolassalazar/Documents/2025-2/Spottly-Backend/src/services/user.ts": {"path":"/home/nicolassalazar/Documents/2025-2/Spottly-Backend/src/services/user.ts","statementMap":{"0":{"start":{"line":4,"column":0},"end":{"line":4,"column":7}},"1":{"start":{"line":23,"column":0},"end":{"line":23,"column":7}},"2":{"start":{"line":33,"column":0},"end":{"line":33,"column":7}},"3":{"start":{"line":1,"column":0},"end":{"line":1,"column":46}},"4":{"start":{"line":2,"column":0},"end":{"line":2,"column":30}},"5":{"start":{"line":12,"column":25},"end":{"line":12,"column":56}},"6":{"start":{"line":14,"column":26},"end":{"line":17,"column":13}},"7":{"start":{"line":19,"column":2},"end":{"line":19,"column":44}},"8":{"start":{"line":19,"column":13},"end":{"line":19,"column":44}},"9":{"start":{"line":20,"column":2},"end":{"line":20,"column":17}},"10":{"start":{"line":24,"column":26},"end":{"line":28,"column":18}},"11":{"start":{"line":29,"column":2},"end":{"line":29,"column":44}},"12":{"start":{"line":29,"column":13},"end":{"line":29,"column":44}},"13":{"start":{"line":30,"column":2},"end":{"line":30,"column":14}},"14":{"start":{"line":34,"column":26},"end":{"line":38,"column":18}},"15":{"start":{"line":39,"column":2},"end":{"line":39,"column":44}},"16":{"start":{"line":39,"column":13},"end":{"line":39,"column":44}},"17":{"start":{"line":40,"column":2},"end":{"line":40,"column":14}}},"fnMap":{"0":{"name":"createUser","decl":{"start":{"line":4,"column":22},"end":{"line":4,"column":32}},"loc":{"start":{"line":10,"column":18},"end":{"line":21,"column":1}}},"1":{"name":"getUserByEmail","decl":{"start":{"line":23,"column":22},"end":{"line":23,"column":36}},"loc":{"start":{"line":23,"column":50},"end":{"line":31,"column":1}}},"2":{"name":"getUserByUsername","decl":{"start":{"line":33,"column":22},"end":{"line":33,"column":39}},"loc":{"start":{"line":33,"column":56},"end":{"line":41,"column":1}}}},"branchMap":{"0":{"loc":{"start":{"line":19,"column":2},"end":{"line":19,"column":44}},"type":"if","locations":[{"start":{"line":19,"column":2},"end":{"line":19,"column":44}},{"start":{},"end":{}}]},"1":{"loc":{"start":{"line":29,"column":2},"end":{"line":29,"column":44}},"type":"if","locations":[{"start":{"line":29,"column":2},"end":{"line":29,"column":44}},{"start":{},"end":{}}]},"2":{"loc":{"start":{"line":39,"column":2},"end":{"line":39,"column":44}},"type":"if","locations":[{"start":{"line":39,"column":2},"end":{"line":39,"column":44}},{"start":{},"end":{}}]}},"s":{"0":4,"1":4,"2":4,"3":4,"4":4,"5":0,"6":0,"7":0,"8":0,"9":0,"10":0,"11":0,"12":0,"13":0,"14":0,"15":0,"16":0,"17":0},"f":{"0":0,"1":0,"2":0},"b":{"0":[0,0],"1":[0,0],"2":[0,0]}}
}
