TN:
SF:src/app.ts
FN:18,(anonymous_1)
FNF:1
FNH:0
FNDA:0,(anonymous_1)
DA:1,3
DA:2,3
DA:3,3
DA:4,3
DA:6,3
DA:8,3
DA:9,3
DA:10,0
DA:13,3
DA:14,3
DA:15,3
DA:16,3
DA:18,3
DA:19,0
DA:22,3
LF:15
LH:13
BRDA:9,0,0,0
BRDA:9,0,1,3
BRF:2
BRH:1
end_of_record
TN:
SF:src/config/database.ts
FNF:0
FNH:0
DA:1,6
DA:2,6
DA:4,6
DA:5,6
DA:8,6
LF:5
LH:5
BRF:0
BRH:0
end_of_record
TN:
SF:src/controller/user.ts
FN:11,registerUser
FN:55,(anonymous_2)
FN:100,loginUser
FN:136,updateAUser
FNF:4
FNH:4
FNDA:6,registerUser
FNDA:12,(anonymous_2)
FNDA:7,loginUser
FNDA:7,updateAUser
DA:1,6
DA:2,6
DA:8,6
DA:11,6
DA:12,6
DA:13,6
DA:15,6
DA:16,1
DA:21,5
DA:22,5
DA:23,1
DA:26,4
DA:27,0
DA:30,4
DA:31,4
DA:32,0
DA:36,4
DA:42,4
DA:43,1
DA:48,3
DA:55,3
DA:56,12
DA:58,3
DA:59,0
DA:64,3
DA:65,0
DA:69,3
DA:70,3
DA:71,3
DA:72,1
DA:77,2
DA:85,2
DA:94,2
DA:96,0
DA:100,6
DA:101,7
DA:102,7
DA:104,7
DA:105,1
DA:107,6
DA:108,5
DA:110,4
DA:111,4
DA:112,2
DA:113,2
DA:119,2
DA:132,1
DA:136,6
DA:137,7
DA:138,7
DA:139,7
DA:141,7
DA:143,7
DA:144,7
DA:145,7
DA:146,7
DA:147,7
DA:148,7
DA:149,2
DA:152,7
DA:154,5
DA:159,2
DA:160,2
DA:161,2
DA:163,0
DA:164,0
LF:66
LH:59
BRDA:15,0,0,1
BRDA:15,0,1,5
BRDA:15,1,0,6
BRDA:15,1,1,6
BRDA:15,1,2,6
BRDA:15,1,3,5
BRDA:22,2,0,1
BRDA:22,2,1,4
BRDA:22,3,0,5
BRDA:22,3,1,5
BRDA:26,4,0,0
BRDA:26,4,1,4
BRDA:26,5,0,4
BRDA:26,5,1,4
BRDA:31,6,0,0
BRDA:31,6,1,4
BRDA:31,7,0,4
BRDA:31,7,1,4
BRDA:31,7,2,4
BRDA:36,8,0,4
BRDA:36,8,1,0
BRDA:38,9,0,0
BRDA:38,9,1,0
BRDA:42,10,0,1
BRDA:42,10,1,3
BRDA:42,11,0,4
BRDA:42,11,1,4
BRDA:58,12,0,0
BRDA:58,12,1,3
BRDA:64,13,0,0
BRDA:64,13,1,3
BRDA:71,14,0,1
BRDA:71,14,1,2
BRDA:71,15,0,3
BRDA:71,15,1,2
BRDA:85,16,0,2
BRDA:85,16,1,0
BRDA:104,17,0,1
BRDA:104,17,1,6
BRDA:104,18,0,7
BRDA:104,18,1,7
BRDA:108,19,0,1
BRDA:108,19,1,4
BRDA:111,20,0,2
BRDA:111,20,1,2
BRDA:143,21,0,4
BRDA:143,21,1,3
BRDA:144,22,0,0
BRDA:144,22,1,7
BRDA:145,23,0,2
BRDA:145,23,1,5
BRDA:146,24,0,1
BRDA:146,24,1,6
BRDA:147,25,0,0
BRDA:147,25,1,7
BRDA:148,26,0,2
BRDA:148,26,1,5
BRDA:148,27,0,7
BRDA:148,27,1,3
BRDA:159,28,0,2
BRDA:159,28,1,0
BRF:61
BRH:50
end_of_record
TN:
SF:src/routes/user.ts
FNF:0
FNH:0
DA:1,3
DA:2,3
DA:4,3
DA:6,3
DA:7,3
DA:8,3
DA:10,3
LF:7
LH:7
BRF:0
BRH:0
end_of_record
TN:
SF:src/services/auth.ts
FN:5,generateToken
FN:11,verifyToken
FNF:2
FNH:0
FNDA:0,generateToken
FNDA:0,verifyToken
DA:1,6
DA:3,6
DA:5,6
DA:6,0
DA:11,6
DA:12,0
DA:13,0
DA:15,0
LF:8
LH:4
BRDA:3,0,0,6
BRDA:3,0,1,0
BRF:2
BRH:1
end_of_record
TN:
SF:src/services/user.ts
FN:4,createUser
FN:23,getUserByEmail
FN:33,getUserByUsername
FN:43,updateUser
FNF:4
FNH:0
FNDA:0,createUser
FNDA:0,getUserByEmail
FNDA:0,getUserByUsername
FNDA:0,updateUser
DA:1,6
DA:2,6
DA:4,6
DA:12,0
DA:14,0
DA:19,0
DA:20,0
DA:23,6
DA:24,0
DA:29,0
DA:30,0
DA:33,6
DA:34,0
DA:39,0
DA:40,0
DA:43,6
DA:44,0
DA:50,0
DA:51,0
LF:19
LH:6
BRDA:19,0,0,0
BRDA:19,0,1,0
BRDA:29,1,0,0
BRDA:29,1,1,0
BRDA:39,2,0,0
BRDA:39,2,1,0
BRDA:50,3,0,0
BRDA:50,3,1,0
BRF:8
BRH:0
end_of_record
