TN:
SF:src/app.ts
FN:19,(anonymous_1)
FNF:1
FNH:0
FNDA:0,(anonymous_1)
DA:1,5
DA:2,5
DA:3,5
DA:4,5
DA:5,5
DA:7,5
DA:9,5
DA:10,5
DA:11,0
DA:14,5
DA:15,5
DA:16,5
DA:17,5
DA:18,5
DA:19,5
DA:20,0
DA:23,5
LF:17
LH:15
BRDA:10,0,0,0
BRDA:10,0,1,5
BRF:2
BRH:1
end_of_record
TN:
SF:src/config/database.ts
FNF:0
FNH:0
DA:1,15
DA:2,15
DA:4,15
DA:5,15
DA:8,15
LF:5
LH:5
BRF:0
BRH:0
end_of_record
TN:
SF:src/controller/business.ts
FN:10,registerBusiness
FN:70,(anonymous_2)
FN:124,loginBusiness
FNF:3
FNH:3
FNDA:14,registerBusiness
FNDA:32,(anonymous_2)
FNDA:7,loginBusiness
DA:1,7
DA:2,7
DA:3,7
DA:10,7
DA:11,14
DA:21,14
DA:23,14
DA:24,2
DA:30,12
DA:31,12
DA:32,2
DA:35,10
DA:36,0
DA:39,10
DA:40,0
DA:43,10
DA:47,0
DA:51,10
DA:57,10
DA:58,2
DA:63,8
DA:70,8
DA:71,32
DA:73,8
DA:74,0
DA:79,8
DA:80,2
DA:84,6
DA:85,4
DA:86,4
DA:87,2
DA:92,2
DA:102,2
DA:113,2
DA:115,2
DA:116,2
DA:117,2
DA:119,0
DA:120,0
DA:124,7
DA:125,7
DA:126,7
DA:128,7
DA:129,1
DA:131,6
DA:132,5
DA:134,4
DA:135,4
DA:136,2
DA:137,2
DA:143,2
DA:158,1
LF:52
LH:46
BRDA:23,0,0,2
BRDA:23,0,1,12
BRDA:23,1,0,14
BRDA:23,1,1,14
BRDA:23,1,2,12
BRDA:23,1,3,12
BRDA:23,1,4,12
BRDA:31,2,0,2
BRDA:31,2,1,10
BRDA:31,3,0,12
BRDA:31,3,1,12
BRDA:35,4,0,0
BRDA:35,4,1,10
BRDA:35,5,0,10
BRDA:35,5,1,10
BRDA:39,6,0,0
BRDA:39,6,1,10
BRDA:39,7,0,10
BRDA:39,7,1,10
BRDA:43,8,0,0
BRDA:43,8,1,10
BRDA:44,9,0,10
BRDA:44,9,1,10
BRDA:51,10,0,10
BRDA:51,10,1,0
BRDA:53,11,0,0
BRDA:53,11,1,0
BRDA:57,12,0,2
BRDA:57,12,1,8
BRDA:57,13,0,10
BRDA:57,13,1,10
BRDA:73,14,0,0
BRDA:73,14,1,8
BRDA:79,15,0,2
BRDA:79,15,1,6
BRDA:86,16,0,2
BRDA:86,16,1,2
BRDA:86,17,0,4
BRDA:86,17,1,2
BRDA:102,18,0,2
BRDA:102,18,1,0
BRDA:115,19,0,2
BRDA:115,19,1,0
BRDA:128,20,0,1
BRDA:128,20,1,6
BRDA:128,21,0,7
BRDA:128,21,1,7
BRDA:132,22,0,1
BRDA:132,22,1,4
BRDA:135,23,0,2
BRDA:135,23,1,2
BRF:51
BRH:42
end_of_record
TN:
SF:src/controller/user.ts
FN:11,registerUser
FN:55,(anonymous_2)
FN:100,loginUser
FN:136,updateAUser
FNF:4
FNH:4
FNDA:6,registerUser
FNDA:12,(anonymous_2)
FNDA:7,loginUser
FNDA:7,updateAUser
DA:1,8
DA:2,8
DA:8,8
DA:11,8
DA:12,6
DA:13,6
DA:15,6
DA:16,1
DA:21,5
DA:22,5
DA:23,1
DA:26,4
DA:27,0
DA:30,4
DA:31,4
DA:32,0
DA:36,4
DA:42,4
DA:43,1
DA:48,3
DA:55,3
DA:56,12
DA:58,3
DA:59,0
DA:64,3
DA:65,0
DA:69,3
DA:70,3
DA:71,3
DA:72,1
DA:77,2
DA:85,2
DA:94,2
DA:96,0
DA:100,8
DA:101,7
DA:102,7
DA:104,7
DA:105,1
DA:107,6
DA:108,5
DA:110,4
DA:111,4
DA:112,2
DA:113,2
DA:119,2
DA:132,1
DA:136,8
DA:137,7
DA:138,7
DA:139,7
DA:141,7
DA:143,7
DA:144,7
DA:145,7
DA:146,7
DA:147,7
DA:148,7
DA:149,2
DA:152,7
DA:154,5
DA:159,2
DA:160,2
DA:161,2
DA:163,0
DA:164,0
LF:66
LH:59
BRDA:15,0,0,1
BRDA:15,0,1,5
BRDA:15,1,0,6
BRDA:15,1,1,6
BRDA:15,1,2,6
BRDA:15,1,3,5
BRDA:22,2,0,1
BRDA:22,2,1,4
BRDA:22,3,0,5
BRDA:22,3,1,5
BRDA:26,4,0,0
BRDA:26,4,1,4
BRDA:26,5,0,4
BRDA:26,5,1,4
BRDA:31,6,0,0
BRDA:31,6,1,4
BRDA:31,7,0,4
BRDA:31,7,1,4
BRDA:31,7,2,4
BRDA:36,8,0,4
BRDA:36,8,1,0
BRDA:38,9,0,0
BRDA:38,9,1,0
BRDA:42,10,0,1
BRDA:42,10,1,3
BRDA:42,11,0,4
BRDA:42,11,1,4
BRDA:58,12,0,0
BRDA:58,12,1,3
BRDA:64,13,0,0
BRDA:64,13,1,3
BRDA:71,14,0,1
BRDA:71,14,1,2
BRDA:71,15,0,3
BRDA:71,15,1,2
BRDA:85,16,0,2
BRDA:85,16,1,0
BRDA:104,17,0,1
BRDA:104,17,1,6
BRDA:104,18,0,7
BRDA:104,18,1,7
BRDA:108,19,0,1
BRDA:108,19,1,4
BRDA:111,20,0,2
BRDA:111,20,1,2
BRDA:143,21,0,4
BRDA:143,21,1,3
BRDA:144,22,0,0
BRDA:144,22,1,7
BRDA:145,23,0,2
BRDA:145,23,1,5
BRDA:146,24,0,1
BRDA:146,24,1,6
BRDA:147,25,0,0
BRDA:147,25,1,7
BRDA:148,26,0,2
BRDA:148,26,1,5
BRDA:148,27,0,7
BRDA:148,27,1,3
BRDA:159,28,0,2
BRDA:159,28,1,0
BRF:61
BRH:50
end_of_record
TN:
SF:src/routes/business.ts
FNF:0
FNH:0
DA:1,5
DA:2,5
DA:4,5
DA:6,5
DA:7,5
DA:9,5
LF:6
LH:6
BRF:0
BRH:0
end_of_record
TN:
SF:src/routes/user.ts
FNF:0
FNH:0
DA:1,5
DA:2,5
DA:4,5
DA:6,5
DA:7,5
DA:8,5
DA:10,5
LF:7
LH:7
BRF:0
BRH:0
end_of_record
TN:
SF:src/services/auth.ts
FN:5,generateToken
FN:11,verifyToken
FNF:2
FNH:0
FNDA:0,generateToken
FNDA:0,verifyToken
DA:1,10
DA:3,10
DA:5,10
DA:6,0
DA:11,10
DA:12,0
DA:13,0
DA:15,0
LF:8
LH:4
BRDA:3,0,0,10
BRDA:3,0,1,2
BRF:2
BRH:2
end_of_record
TN:
SF:src/services/business.ts
FN:4,createBusiness
FN:36,getBusinessByEmail
FN:46,getBusinessByUsername
FNF:3
FNH:0
FNDA:0,createBusiness
FNDA:0,getBusinessByEmail
FNDA:0,getBusinessByUsername
DA:1,7
DA:2,7
DA:4,7
DA:14,0
DA:16,0
DA:32,0
DA:33,0
DA:36,7
DA:37,0
DA:42,0
DA:43,0
DA:46,7
DA:47,0
DA:52,0
DA:53,0
LF:15
LH:5
BRDA:32,0,0,0
BRDA:32,0,1,0
BRDA:42,1,0,0
BRDA:42,1,1,0
BRDA:52,2,0,0
BRDA:52,2,1,0
BRF:6
BRH:0
end_of_record
TN:
SF:src/services/user.ts
FN:4,createUser
FN:23,getUserByEmail
FN:33,getUserByUsername
FN:43,updateUser
FNF:4
FNH:0
FNDA:0,createUser
FNDA:0,getUserByEmail
FNDA:0,getUserByUsername
FNDA:0,updateUser
DA:1,8
DA:2,8
DA:4,8
DA:12,0
DA:14,0
DA:19,0
DA:20,0
DA:23,8
DA:24,0
DA:29,0
DA:30,0
DA:33,8
DA:34,0
DA:39,0
DA:40,0
DA:43,8
DA:44,0
DA:50,0
DA:51,0
LF:19
LH:6
BRDA:19,0,0,0
BRDA:19,0,1,0
BRDA:29,1,0,0
BRDA:29,1,1,0
BRDA:39,2,0,0
BRDA:39,2,1,0
BRDA:50,3,0,0
BRDA:50,3,1,0
BRF:8
BRH:0
end_of_record
